13:32:40 **** Build of configuration Debug for project myTest ****
make all 
Building file: ../main.cpp
Invoking: GCC C++ Compiler
g++ -O0 -g3 -Wall -c -fmessage-length=0 -MMD -MP -MF"main.d" -MT"main.d" -o "main.o" "../main.cpp"
Finished building: ../main.cpp
 
Building target: myTest
Invoking: GCC C++ Linker
g++  -o "myTest"  ./main.o   
Finished building target: myTest
 
13:33:18 **** Incremental Build of configuration Debug for project myTest ****
make all 
make: Nothing to be done for `all'.
13:33:28 **** Incremental Build of configuration Debug for project myTest ****
make all 
make: Nothing to be done for `all'.
09:48:16 **** Build of configuration Debug for project myTest ****
make all 
Building file: ../main.cpp
Invoking: GCC C++ Compiler
g++ -O0 -g3 -Wall -c -fmessage-length=0 -MMD -MP -MF"main.d" -MT"main.d" -o "main.o" "../main.cpp"
Finished building: ../main.cpp
 
Building target: myTest
Invoking: GCC C++ Linker
g++  -o "myTest"  ./main.o   
Finished building target: myTest
 
10:02:42 **** Incremental Build of configuration Debug for project myTest ****
make all 
Building file: ../main.cpp
Invoking: GCC C++ Compiler
g++ -O0 -g3 -Wall -c -fmessage-length=0 -MMD -MP -MF"main.d" -MT"main.d" -o "main.o" "../main.cpp"
Finished building: ../main.cpp
 
Building target: myTest
Invoking: GCC C++ Linker
g++  -o "myTest"  ./main.o   
Finished building target: myTest
 
12:54:00 **** Incremental Build of configuration Debug for project myTest ****
make all 
Building file: ../main.cpp
Invoking: GCC C++ Compiler
g++ -O0 -g3 -Wall -c -fmessage-length=0 -MMD -MP -MF"main.d" -MT"main.d" -o "main.o" "../main.cpp"
../main.cpp: In function ‘int main()’:
../main.cpp:44:14: error: aggregate ‘std::ofstream file’ has incomplete type and cannot be defined
make: *** [main.o] Error 1
12:54:07 **** Incremental Build of configuration Debug for project myTest ****
make all 
Building file: ../main.cpp
Invoking: GCC C++ Compiler
g++ -O0 -g3 -Wall -c -fmessage-length=0 -MMD -MP -MF"main.d" -MT"main.d" -o "main.o" "../main.cpp"
Finished building: ../main.cpp
 
Building target: myTest
Invoking: GCC C++ Linker
g++  -o "myTest"  ./main.o   
Finished building target: myTest
 
12:58:01 **** Incremental Build of configuration Debug for project myTest ****
make all 
Building file: ../main.cpp
Invoking: GCC C++ Compiler
g++ -O0 -g3 -Wall -c -fmessage-length=0 -MMD -MP -MF"main.d" -MT"main.d" -o "main.o" "../main.cpp"
Finished building: ../main.cpp
 
Building target: myTest
Invoking: GCC C++ Linker
g++  -o "myTest"  ./main.o   
Finished building target: myTest
 
12:58:34 **** Incremental Build of configuration Debug for project myTest ****
make all 
Building file: ../main.cpp
Invoking: GCC C++ Compiler
g++ -O0 -g3 -Wall -c -fmessage-length=0 -MMD -MP -MF"main.d" -MT"main.d" -o "main.o" "../main.cpp"
Finished building: ../main.cpp
 
Building target: myTest
Invoking: GCC C++ Linker
g++  -o "myTest"  ./main.o   
Finished building target: myTest
 
13:03:32 **** Incremental Build of configuration Debug for project myTest ****
make all 
Building file: ../main.cpp
Invoking: GCC C++ Compiler
g++ -O0 -g3 -Wall -c -fmessage-length=0 -MMD -MP -MF"main.d" -MT"main.d" -o "main.o" "../main.cpp"
Finished building: ../main.cpp
 
Building target: myTest
Invoking: GCC C++ Linker
g++  -o "myTest"  ./main.o   
Finished building target: myTest
 
13:10:05 **** Incremental Build of configuration Debug for project myTest ****
make all 
Building file: ../main.cpp
Invoking: GCC C++ Compiler
g++ -O0 -g3 -Wall -c -fmessage-length=0 -MMD -MP -MF"main.d" -MT"main.d" -o "main.o" "../main.cpp"
Finished building: ../main.cpp
 
Building target: myTest
Invoking: GCC C++ Linker
g++  -o "myTest"  ./main.o   
Finished building target: myTest
 
13:10:43 **** Incremental Build of configuration Debug for project myTest ****
make all 
make: Nothing to be done for `all'.
13:10:55 **** Incremental Build of configuration Debug for project myTest ****
make all 
make: Nothing to be done for `all'.
13:10:55 **** Build of configuration Default for project societies ****
make all 
g++  -MM main.cpp utils.cpp options.cpp resource.cpp properties.cpp device.cpp marketplace.cpp globals.cpp agent.cpp statstracker.cpp devmarketplace.cpp globals.h utils.h options.h resource.h properties.h device.h marketplace.h agent.h statstracker.h devmarketplace.h logging.h > '.dep'
make depend
make[1]: Entering directory `/home/jj29/Documents/research/societies/src/cpp'
make[1]: Nothing to be done for `depend'.
make[1]: Leaving directory `/home/jj29/Documents/research/societies/src/cpp'
make societies
make[1]: Entering directory `/home/jj29/Documents/research/societies/src/cpp'
g++  -c -g -Wall -O3 main.cpp -o main.o
g++  -c -g -Wall -O3 utils.cpp -o utils.o
utils.cpp: In member function ‘void Utils::saveResults()’:
utils.cpp:1081:13: warning: variable ‘command’ set but not used [-Wunused-but-set-variable]
g++  -c -g -Wall -O3 options.cpp -o options.o
options.cpp: In function ‘int parse_args(int, char**)’:
options.cpp:160:21: warning: variable ‘command’ set but not used [-Wunused-but-set-variable]
options.cpp:171:17: warning: variable ‘command’ set but not used [-Wunused-but-set-variable]
g++  -c -g -Wall -O3 resource.cpp -o resource.o
g++  -c -g -Wall -O3 properties.cpp -o properties.o
g++  -c -g -Wall -O3 device.cpp -o device.o
g++  -c -g -Wall -O3 marketplace.cpp -o marketplace.o
g++  -c -g -Wall -O3 globals.cpp -o globals.o
globals.cpp: In member function ‘std::string Globals::calcSimNumber(std::string)’:
globals.cpp:457:9: warning: variable ‘temp’ set but not used [-Wunused-but-set-variable]
g++  -c -g -Wall -O3 agent.cpp -o agent.o
agent.cpp: In member function ‘double Agent::myAccumulate(int, int) const’:
agent.cpp:1457:12: warning: ‘result’ may be used uninitialized in this function [-Wuninitialized]
g++  -c -g -Wall -O3 statstracker.cpp -o statstracker.o
g++  -c -g -Wall -O3 devmarketplace.cpp -o devmarketplace.o
g++  -g -Wall -O3  main.o utils.o options.o resource.o properties.o device.o marketplace.o globals.o agent.o statstracker.o devmarketplace.o -L/usr/local/lib -lboost_filesystem -lboost_program_options -lboost_system -o societies
make[1]: Leaving directory `/home/jj29/Documents/research/societies/src/cpp'
13:11:18 **** Incremental Build of configuration Debug for project myTest ****
make all 
make: Nothing to be done for `all'.
13:11:34 **** Incremental Build of configuration Debug for project myTest ****
make all 
Building file: ../main.cpp
Invoking: GCC C++ Compiler
g++ -O0 -g3 -Wall -c -fmessage-length=0 -MMD -MP -MF"main.d" -MT"main.d" -o "main.o" "../main.cpp"
Finished building: ../main.cpp
 
Building target: myTest
Invoking: GCC C++ Linker
g++  -o "myTest"  ./main.o   
Finished building target: myTest
 
13:11:44 **** Incremental Build of configuration Debug for project myTest ****
make all 
Building file: ../main.cpp
Invoking: GCC C++ Compiler
g++ -O0 -g3 -Wall -c -fmessage-length=0 -MMD -MP -MF"main.d" -MT"main.d" -o "main.o" "../main.cpp"
Finished building: ../main.cpp
 
Building target: myTest
Invoking: GCC C++ Linker
g++  -o "myTest"  ./main.o   
Finished building target: myTest
 
13:11:51 **** Incremental Build of configuration Debug for project myTest ****
make all 
make: Nothing to be done for `all'.
13:11:51 **** Incremental Build of configuration Default for project societies ****
make all 
make depend
make[1]: Entering directory `/home/jj29/Documents/research/societies/src/cpp'
make[1]: Nothing to be done for `depend'.
make[1]: Leaving directory `/home/jj29/Documents/research/societies/src/cpp'
make societies
make[1]: Entering directory `/home/jj29/Documents/research/societies/src/cpp'
make[1]: `societies' is up to date.
make[1]: Leaving directory `/home/jj29/Documents/research/societies/src/cpp'
13:11:54 **** Incremental Build of configuration Debug for project myTest ****
make all 
make: Nothing to be done for `all'.
13:12:56 **** Incremental Build of configuration Debug for project myTest ****
make all 
Building file: ../main.cpp
Invoking: GCC C++ Compiler
g++ -O0 -g3 -Wall -c -fmessage-length=0 -MMD -MP -MF"main.d" -MT"main.d" -o "main.o" "../main.cpp"
Finished building: ../main.cpp
 
Building target: myTest
Invoking: GCC C++ Linker
g++  -o "myTest"  ./main.o   
Finished building target: myTest
 
13:13:34 **** Incremental Build of configuration Debug for project myTest ****
make all 
Building file: ../main.cpp
Invoking: GCC C++ Compiler
g++ -O0 -g3 -Wall -c -fmessage-length=0 -MMD -MP -MF"main.d" -MT"main.d" -o "main.o" "../main.cpp"
Finished building: ../main.cpp
 
Building target: myTest
Invoking: GCC C++ Linker
g++  -o "myTest"  ./main.o   
Finished building target: myTest
 
13:13:50 **** Incremental Build of configuration Debug for project myTest ****
make all 
Building file: ../main.cpp
Invoking: GCC C++ Compiler
g++ -O0 -g3 -Wall -c -fmessage-length=0 -MMD -MP -MF"main.d" -MT"main.d" -o "main.o" "../main.cpp"
Finished building: ../main.cpp
 
Building target: myTest
Invoking: GCC C++ Linker
g++  -o "myTest"  ./main.o   
Finished building target: myTest
 
13:14:23 **** Incremental Build of configuration Debug for project myTest ****
make all 
Building file: ../main.cpp
Invoking: GCC C++ Compiler
g++ -O0 -g3 -Wall -c -fmessage-length=0 -MMD -MP -MF"main.d" -MT"main.d" -o "main.o" "../main.cpp"
Finished building: ../main.cpp
 
Building target: myTest
Invoking: GCC C++ Linker
g++  -o "myTest"  ./main.o   
Finished building target: myTest
 
13:15:17 **** Incremental Build of configuration Debug for project myTest ****
make all 
Building file: ../main.cpp
Invoking: GCC C++ Compiler
g++ -O0 -g3 -Wall -c -fmessage-length=0 -MMD -MP -MF"main.d" -MT"main.d" -o "main.o" "../main.cpp"
Finished building: ../main.cpp
 
Building target: myTest
Invoking: GCC C++ Linker
g++  -o "myTest"  ./main.o   
Finished building target: myTest
 
13:15:42 **** Incremental Build of configuration Debug for project myTest ****
make all 
Building file: ../main.cpp
Invoking: GCC C++ Compiler
g++ -O0 -g3 -Wall -c -fmessage-length=0 -MMD -MP -MF"main.d" -MT"main.d" -o "main.o" "../main.cpp"
Finished building: ../main.cpp
 
Building target: myTest
Invoking: GCC C++ Linker
g++  -o "myTest"  ./main.o   
Finished building target: myTest
 
13:16:17 **** Incremental Build of configuration Debug for project myTest ****
make all 
Building file: ../main.cpp
Invoking: GCC C++ Compiler
g++ -O0 -g3 -Wall -c -fmessage-length=0 -MMD -MP -MF"main.d" -MT"main.d" -o "main.o" "../main.cpp"
Finished building: ../main.cpp
 
Building target: myTest
Invoking: GCC C++ Linker
g++  -o "myTest"  ./main.o   
Finished building target: myTest
 
13:16:53 **** Incremental Build of configuration Debug for project myTest ****
make all 
Building file: ../main.cpp
Invoking: GCC C++ Compiler
g++ -O0 -g3 -Wall -c -fmessage-length=0 -MMD -MP -MF"main.d" -MT"main.d" -o "main.o" "../main.cpp"
Finished building: ../main.cpp
 
Building target: myTest
Invoking: GCC C++ Linker
g++  -o "myTest"  ./main.o   
Finished building target: myTest
 
13:17:10 **** Incremental Build of configuration Debug for project myTest ****
make all 
Building file: ../main.cpp
Invoking: GCC C++ Compiler
g++ -O0 -g3 -Wall -c -fmessage-length=0 -MMD -MP -MF"main.d" -MT"main.d" -o "main.o" "../main.cpp"
Finished building: ../main.cpp
 
Building target: myTest
Invoking: GCC C++ Linker
g++  -o "myTest"  ./main.o   
Finished building target: myTest
 
13:17:56 **** Incremental Build of configuration Debug for project myTest ****
make all 
Building file: ../main.cpp
Invoking: GCC C++ Compiler
g++ -O0 -g3 -Wall -c -fmessage-length=0 -MMD -MP -MF"main.d" -MT"main.d" -o "main.o" "../main.cpp"
Finished building: ../main.cpp
 
Building target: myTest
Invoking: GCC C++ Linker
g++  -o "myTest"  ./main.o   
Finished building target: myTest
 
13:18:15 **** Incremental Build of configuration Debug for project myTest ****
make all 
Building file: ../main.cpp
Invoking: GCC C++ Compiler
g++ -O0 -g3 -Wall -c -fmessage-length=0 -MMD -MP -MF"main.d" -MT"main.d" -o "main.o" "../main.cpp"
Finished building: ../main.cpp
 
Building target: myTest
Invoking: GCC C++ Linker
g++  -o "myTest"  ./main.o   
Finished building target: myTest
 
13:18:43 **** Incremental Build of configuration Debug for project myTest ****
make all 
Building file: ../main.cpp
Invoking: GCC C++ Compiler
g++ -O0 -g3 -Wall -c -fmessage-length=0 -MMD -MP -MF"main.d" -MT"main.d" -o "main.o" "../main.cpp"
Finished building: ../main.cpp
 
Building target: myTest
Invoking: GCC C++ Linker
g++  -o "myTest"  ./main.o   
Finished building target: myTest
 
13:19:38 **** Incremental Build of configuration Debug for project myTest ****
make all 
Building file: ../main.cpp
Invoking: GCC C++ Compiler
g++ -O0 -g3 -Wall -c -fmessage-length=0 -MMD -MP -MF"main.d" -MT"main.d" -o "main.o" "../main.cpp"
../main.cpp: In function ‘int main()’:
../main.cpp:59:32: error: invalid conversion from ‘int’ to ‘const char*’ [-fpermissive]
/usr/include/c++/4.6/bits/basic_string.tcc:214:5: error:   initializing argument 1 of ‘std::basic_string<_CharT, _Traits, _Alloc>::basic_string(const _CharT*, const _Alloc&) [with _CharT = char, _Traits = std::char_traits<char>, _Alloc = std::allocator<char>]’ [-fpermissive]
make: *** [main.o] Error 1
13:19:53 **** Incremental Build of configuration Debug for project myTest ****
make all 
Building file: ../main.cpp
Invoking: GCC C++ Compiler
g++ -O0 -g3 -Wall -c -fmessage-length=0 -MMD -MP -MF"main.d" -MT"main.d" -o "main.o" "../main.cpp"
Finished building: ../main.cpp
 
Building target: myTest
Invoking: GCC C++ Linker
g++  -o "myTest"  ./main.o   
Finished building target: myTest
 
13:20:14 **** Incremental Build of configuration Debug for project myTest ****
make all 
Building file: ../main.cpp
Invoking: GCC C++ Compiler
g++ -O0 -g3 -Wall -c -fmessage-length=0 -MMD -MP -MF"main.d" -MT"main.d" -o "main.o" "../main.cpp"
Finished building: ../main.cpp
 
Building target: myTest
Invoking: GCC C++ Linker
g++  -o "myTest"  ./main.o   
Finished building target: myTest
 
13:22:07 **** Incremental Build of configuration Debug for project myTest ****
make all 
Building file: ../main.cpp
Invoking: GCC C++ Compiler
g++ -O0 -g3 -Wall -c -fmessage-length=0 -MMD -MP -MF"main.d" -MT"main.d" -o "main.o" "../main.cpp"
../main.cpp: In function ‘int main()’:
../main.cpp:68:28: error: variable ‘std::stringstream sline’ has initializer but incomplete type
../main.cpp:68:18: warning: unused variable ‘sline’ [-Wunused-variable]
make: *** [main.o] Error 1
13:22:57 **** Incremental Build of configuration Debug for project myTest ****
make all 
Building file: ../main.cpp
Invoking: GCC C++ Compiler
g++ -O0 -g3 -Wall -c -fmessage-length=0 -MMD -MP -MF"main.d" -MT"main.d" -o "main.o" "../main.cpp"
Finished building: ../main.cpp
 
Building target: myTest
Invoking: GCC C++ Linker
g++  -o "myTest"  ./main.o   
Finished building target: myTest
 
13:23:12 **** Incremental Build of configuration Debug for project myTest ****
make all 
Building file: ../main.cpp
Invoking: GCC C++ Compiler
g++ -O0 -g3 -Wall -c -fmessage-length=0 -MMD -MP -MF"main.d" -MT"main.d" -o "main.o" "../main.cpp"
Finished building: ../main.cpp
 
Building target: myTest
Invoking: GCC C++ Linker
g++  -o "myTest"  ./main.o   
Finished building target: myTest
 
13:23:57 **** Incremental Build of configuration Debug for project myTest ****
make all 
Building file: ../main.cpp
Invoking: GCC C++ Compiler
g++ -O0 -g3 -Wall -c -fmessage-length=0 -MMD -MP -MF"main.d" -MT"main.d" -o "main.o" "../main.cpp"
Finished building: ../main.cpp
 
Building target: myTest
Invoking: GCC C++ Linker
g++  -o "myTest"  ./main.o   
Finished building target: myTest
 
13:24:08 **** Incremental Build of configuration Debug for project myTest ****
make all 
Building file: ../main.cpp
Invoking: GCC C++ Compiler
g++ -O0 -g3 -Wall -c -fmessage-length=0 -MMD -MP -MF"main.d" -MT"main.d" -o "main.o" "../main.cpp"
Finished building: ../main.cpp
 
Building target: myTest
Invoking: GCC C++ Linker
g++  -o "myTest"  ./main.o   
Finished building target: myTest
 
13:24:54 **** Incremental Build of configuration Debug for project myTest ****
make all 
Building file: ../main.cpp
Invoking: GCC C++ Compiler
g++ -O0 -g3 -Wall -c -fmessage-length=0 -MMD -MP -MF"main.d" -MT"main.d" -o "main.o" "../main.cpp"
Finished building: ../main.cpp
 
Building target: myTest
Invoking: GCC C++ Linker
g++  -o "myTest"  ./main.o   
Finished building target: myTest
 
13:25:14 **** Incremental Build of configuration Debug for project myTest ****
make all 
make: Nothing to be done for `all'.
13:25:54 **** Incremental Build of configuration Debug for project myTest ****
make all 
Building file: ../main.cpp
Invoking: GCC C++ Compiler
g++ -O0 -g3 -Wall -c -fmessage-length=0 -MMD -MP -MF"main.d" -MT"main.d" -o "main.o" "../main.cpp"
Finished building: ../main.cpp
 
Building target: myTest
Invoking: GCC C++ Linker
g++  -o "myTest"  ./main.o   
Finished building target: myTest
 
13:26:05 **** Incremental Build of configuration Debug for project myTest ****
make all 
make: Nothing to be done for `all'.
13:26:12 **** Incremental Build of configuration Debug for project myTest ****
make all 
make: Nothing to be done for `all'.
13:26:21 **** Incremental Build of configuration Debug for project myTest ****
make all 
make: Nothing to be done for `all'.
13:26:21 **** Incremental Build of configuration Default for project societies ****
make all 
make depend
make[1]: Entering directory `/home/jj29/Documents/research/societies/src/cpp'
make[1]: Nothing to be done for `depend'.
make[1]: Leaving directory `/home/jj29/Documents/research/societies/src/cpp'
make societies
make[1]: Entering directory `/home/jj29/Documents/research/societies/src/cpp'
make[1]: `societies' is up to date.
make[1]: Leaving directory `/home/jj29/Documents/research/societies/src/cpp'
13:26:25 **** Incremental Build of configuration Debug for project myTest ****
make all 
make: Nothing to be done for `all'.
13:26:51 **** Incremental Build of configuration Debug for project myTest ****
make all 
Building file: ../main.cpp
Invoking: GCC C++ Compiler
g++ -O0 -g3 -Wall -c -fmessage-length=0 -MMD -MP -MF"main.d" -MT"main.d" -o "main.o" "../main.cpp"
Finished building: ../main.cpp
 
Building target: myTest
Invoking: GCC C++ Linker
g++  -o "myTest"  ./main.o   
Finished building target: myTest
 
13:27:12 **** Incremental Build of configuration Debug for project myTest ****
make all 
make: Nothing to be done for `all'.
13:31:41 **** Incremental Build of configuration Debug for project myTest ****
make all 
Building file: ../main.cpp
Invoking: GCC C++ Compiler
g++ -O0 -g3 -Wall -c -fmessage-length=0 -MMD -MP -MF"main.d" -MT"main.d" -o "main.o" "../main.cpp"
Finished building: ../main.cpp
 
Building target: myTest
Invoking: GCC C++ Linker
g++  -o "myTest"  ./main.o   
Finished building target: myTest
 
13:32:33 **** Incremental Build of configuration Debug for project myTest ****
make all 
Building file: ../main.cpp
Invoking: GCC C++ Compiler
g++ -O0 -g3 -Wall -c -fmessage-length=0 -MMD -MP -MF"main.d" -MT"main.d" -o "main.o" "../main.cpp"
Finished building: ../main.cpp
 
Building target: myTest
Invoking: GCC C++ Linker
g++  -o "myTest"  ./main.o   
Finished building target: myTest
 
13:32:58 **** Incremental Build of configuration Debug for project myTest ****
make all 
make: Nothing to be done for `all'.
13:33:17 **** Incremental Build of configuration Debug for project myTest ****
make all 
Building file: ../main.cpp
Invoking: GCC C++ Compiler
g++ -O0 -g3 -Wall -c -fmessage-length=0 -MMD -MP -MF"main.d" -MT"main.d" -o "main.o" "../main.cpp"
Finished building: ../main.cpp
 
Building target: myTest
Invoking: GCC C++ Linker
g++  -o "myTest"  ./main.o   
Finished building target: myTest
 
13:33:36 **** Incremental Build of configuration Debug for project myTest ****
make all 
Building file: ../main.cpp
Invoking: GCC C++ Compiler
g++ -O0 -g3 -Wall -c -fmessage-length=0 -MMD -MP -MF"main.d" -MT"main.d" -o "main.o" "../main.cpp"
Finished building: ../main.cpp
 
Building target: myTest
Invoking: GCC C++ Linker
g++  -o "myTest"  ./main.o   
Finished building target: myTest
 
13:34:12 **** Incremental Build of configuration Debug for project myTest ****
make all 
Building file: ../main.cpp
Invoking: GCC C++ Compiler
g++ -O0 -g3 -Wall -c -fmessage-length=0 -MMD -MP -MF"main.d" -MT"main.d" -o "main.o" "../main.cpp"
Finished building: ../main.cpp
 
Building target: myTest
Invoking: GCC C++ Linker
g++  -o "myTest"  ./main.o   
Finished building target: myTest
 
13:34:27 **** Incremental Build of configuration Debug for project myTest ****
make all 
Building file: ../main.cpp
Invoking: GCC C++ Compiler
g++ -O0 -g3 -Wall -c -fmessage-length=0 -MMD -MP -MF"main.d" -MT"main.d" -o "main.o" "../main.cpp"
Finished building: ../main.cpp
 
Building target: myTest
Invoking: GCC C++ Linker
g++  -o "myTest"  ./main.o   
Finished building target: myTest
 
13:34:35 **** Incremental Build of configuration Debug for project myTest ****
make all 
make: Nothing to be done for `all'.
13:35:39 **** Incremental Build of configuration Debug for project myTest ****
make all 
Building file: ../main.cpp
Invoking: GCC C++ Compiler
g++ -O0 -g3 -Wall -c -fmessage-length=0 -MMD -MP -MF"main.d" -MT"main.d" -o "main.o" "../main.cpp"
Finished building: ../main.cpp
 
Building target: myTest
Invoking: GCC C++ Linker
g++  -o "myTest"  ./main.o   
Finished building target: myTest
 
13:35:56 **** Incremental Build of configuration Debug for project myTest ****
make all 
Building file: ../main.cpp
Invoking: GCC C++ Compiler
g++ -O0 -g3 -Wall -c -fmessage-length=0 -MMD -MP -MF"main.d" -MT"main.d" -o "main.o" "../main.cpp"
Finished building: ../main.cpp
 
Building target: myTest
Invoking: GCC C++ Linker
g++  -o "myTest"  ./main.o   
Finished building target: myTest
 
13:38:56 **** Incremental Build of configuration Debug for project myTest ****
make all 
Building file: ../main.cpp
Invoking: GCC C++ Compiler
g++ -O0 -g3 -Wall -c -fmessage-length=0 -MMD -MP -MF"main.d" -MT"main.d" -o "main.o" "../main.cpp"
../main.cpp:64:5: error: ‘f’ does not name a type
../main.cpp:66:1: error: expected declaration before ‘}’ token
make: *** [main.o] Error 1
13:39:10 **** Incremental Build of configuration Debug for project myTest ****
make all 
Building file: ../main.cpp
Invoking: GCC C++ Compiler
g++ -O0 -g3 -Wall -c -fmessage-length=0 -MMD -MP -MF"main.d" -MT"main.d" -o "main.o" "../main.cpp"
Finished building: ../main.cpp
 
Building target: myTest
Invoking: GCC C++ Linker
g++  -o "myTest"  ./main.o   
Finished building target: myTest
 
13:39:37 **** Incremental Build of configuration Debug for project myTest ****
make all 
Building file: ../main.cpp
Invoking: GCC C++ Compiler
g++ -O0 -g3 -Wall -c -fmessage-length=0 -MMD -MP -MF"main.d" -MT"main.d" -o "main.o" "../main.cpp"
Finished building: ../main.cpp
 
Building target: myTest
Invoking: GCC C++ Linker
g++  -o "myTest"  ./main.o   
Finished building target: myTest
 
13:40:01 **** Incremental Build of configuration Debug for project myTest ****
make all 
Building file: ../main.cpp
Invoking: GCC C++ Compiler
g++ -O0 -g3 -Wall -c -fmessage-length=0 -MMD -MP -MF"main.d" -MT"main.d" -o "main.o" "../main.cpp"
Finished building: ../main.cpp
 
Building target: myTest
Invoking: GCC C++ Linker
g++  -o "myTest"  ./main.o   
Finished building target: myTest
 
13:40:25 **** Incremental Build of configuration Debug for project myTest ****
make all 
Building file: ../main.cpp
Invoking: GCC C++ Compiler
g++ -O0 -g3 -Wall -c -fmessage-length=0 -MMD -MP -MF"main.d" -MT"main.d" -o "main.o" "../main.cpp"
Finished building: ../main.cpp
 
Building target: myTest
Invoking: GCC C++ Linker
g++  -o "myTest"  ./main.o   
Finished building target: myTest
 
13:41:03 **** Incremental Build of configuration Debug for project myTest ****
make all 
Building file: ../main.cpp
Invoking: GCC C++ Compiler
g++ -O0 -g3 -Wall -c -fmessage-length=0 -MMD -MP -MF"main.d" -MT"main.d" -o "main.o" "../main.cpp"
Finished building: ../main.cpp
 
Building target: myTest
Invoking: GCC C++ Linker
g++  -o "myTest"  ./main.o   
Finished building target: myTest
 
13:41:04 **** Incremental Build of configuration Debug for project myTest ****
make all 
make: Nothing to be done for `all'.
13:41:11 **** Incremental Build of configuration Debug for project myTest ****
make all 
make: Nothing to be done for `all'.
13:41:28 **** Incremental Build of configuration Debug for project myTest ****
make all 
Building file: ../main.cpp
Invoking: GCC C++ Compiler
g++ -O0 -g3 -Wall -c -fmessage-length=0 -MMD -MP -MF"main.d" -MT"main.d" -o "main.o" "../main.cpp"
Finished building: ../main.cpp
 
Building target: myTest
Invoking: GCC C++ Linker
g++  -o "myTest"  ./main.o   
Finished building target: myTest
 
13:42:00 **** Incremental Build of configuration Debug for project myTest ****
make all 
Building file: ../main.cpp
Invoking: GCC C++ Compiler
g++ -O0 -g3 -Wall -c -fmessage-length=0 -MMD -MP -MF"main.d" -MT"main.d" -o "main.o" "../main.cpp"
Finished building: ../main.cpp
 
Building target: myTest
Invoking: GCC C++ Linker
g++  -o "myTest"  ./main.o   
Finished building target: myTest
 
13:42:21 **** Incremental Build of configuration Debug for project myTest ****
make all 
Building file: ../main.cpp
Invoking: GCC C++ Compiler
g++ -O0 -g3 -Wall -c -fmessage-length=0 -MMD -MP -MF"main.d" -MT"main.d" -o "main.o" "../main.cpp"
Finished building: ../main.cpp
 
Building target: myTest
Invoking: GCC C++ Linker
g++  -o "myTest"  ./main.o   
Finished building target: myTest
 
13:42:55 **** Incremental Build of configuration Debug for project myTest ****
make all 
Building file: ../main.cpp
Invoking: GCC C++ Compiler
g++ -O0 -g3 -Wall -c -fmessage-length=0 -MMD -MP -MF"main.d" -MT"main.d" -o "main.o" "../main.cpp"
Finished building: ../main.cpp
 
Building target: myTest
Invoking: GCC C++ Linker
g++  -o "myTest"  ./main.o   
Finished building target: myTest
 
13:43:14 **** Incremental Build of configuration Debug for project myTest ****
make all 
Building file: ../main.cpp
Invoking: GCC C++ Compiler
g++ -O0 -g3 -Wall -c -fmessage-length=0 -MMD -MP -MF"main.d" -MT"main.d" -o "main.o" "../main.cpp"
Finished building: ../main.cpp
 
Building target: myTest
Invoking: GCC C++ Linker
g++  -o "myTest"  ./main.o   
Finished building target: myTest
 
13:43:33 **** Incremental Build of configuration Debug for project myTest ****
make all 
Building file: ../main.cpp
Invoking: GCC C++ Compiler
g++ -O0 -g3 -Wall -c -fmessage-length=0 -MMD -MP -MF"main.d" -MT"main.d" -o "main.o" "../main.cpp"
Finished building: ../main.cpp
 
Building target: myTest
Invoking: GCC C++ Linker
g++  -o "myTest"  ./main.o   
Finished building target: myTest
 
13:44:11 **** Incremental Build of configuration Debug for project myTest ****
make all 
Building file: ../main.cpp
Invoking: GCC C++ Compiler
g++ -O0 -g3 -Wall -c -fmessage-length=0 -MMD -MP -MF"main.d" -MT"main.d" -o "main.o" "../main.cpp"
Finished building: ../main.cpp
 
Building target: myTest
Invoking: GCC C++ Linker
g++  -o "myTest"  ./main.o   
Finished building target: myTest
 
13:44:42 **** Incremental Build of configuration Debug for project myTest ****
make all 
Building file: ../main.cpp
Invoking: GCC C++ Compiler
g++ -O0 -g3 -Wall -c -fmessage-length=0 -MMD -MP -MF"main.d" -MT"main.d" -o "main.o" "../main.cpp"
Finished building: ../main.cpp
 
Building target: myTest
Invoking: GCC C++ Linker
g++  -o "myTest"  ./main.o   
Finished building target: myTest
 
13:44:48 **** Incremental Build of configuration Debug for project myTest ****
make all 
Building file: ../main.cpp
Invoking: GCC C++ Compiler
g++ -O0 -g3 -Wall -c -fmessage-length=0 -MMD -MP -MF"main.d" -MT"main.d" -o "main.o" "../main.cpp"
Finished building: ../main.cpp
 
Building target: myTest
Invoking: GCC C++ Linker
g++  -o "myTest"  ./main.o   
Finished building target: myTest
 
13:45:00 **** Incremental Build of configuration Debug for project myTest ****
make all 
Building file: ../main.cpp
Invoking: GCC C++ Compiler
g++ -O0 -g3 -Wall -c -fmessage-length=0 -MMD -MP -MF"main.d" -MT"main.d" -o "main.o" "../main.cpp"
Finished building: ../main.cpp
 
Building target: myTest
Invoking: GCC C++ Linker
g++  -o "myTest"  ./main.o   
Finished building target: myTest
 
13:45:23 **** Incremental Build of configuration Debug for project myTest ****
make all 
Building file: ../main.cpp
Invoking: GCC C++ Compiler
g++ -O0 -g3 -Wall -c -fmessage-length=0 -MMD -MP -MF"main.d" -MT"main.d" -o "main.o" "../main.cpp"
Finished building: ../main.cpp
 
Building target: myTest
Invoking: GCC C++ Linker
g++  -o "myTest"  ./main.o   
Finished building target: myTest
 
13:45:30 **** Incremental Build of configuration Debug for project myTest ****
make all 
Building file: ../main.cpp
Invoking: GCC C++ Compiler
g++ -O0 -g3 -Wall -c -fmessage-length=0 -MMD -MP -MF"main.d" -MT"main.d" -o "main.o" "../main.cpp"
Finished building: ../main.cpp
 
Building target: myTest
Invoking: GCC C++ Linker
g++  -o "myTest"  ./main.o   
Finished building target: myTest
 
13:45:38 **** Incremental Build of configuration Debug for project myTest ****
make all 
Building file: ../main.cpp
Invoking: GCC C++ Compiler
g++ -O0 -g3 -Wall -c -fmessage-length=0 -MMD -MP -MF"main.d" -MT"main.d" -o "main.o" "../main.cpp"
Finished building: ../main.cpp
 
Building target: myTest
Invoking: GCC C++ Linker
g++  -o "myTest"  ./main.o   
Finished building target: myTest
 
13:46:31 **** Incremental Build of configuration Debug for project myTest ****
make all 
Building file: ../main.cpp
Invoking: GCC C++ Compiler
g++ -O0 -g3 -Wall -c -fmessage-length=0 -MMD -MP -MF"main.d" -MT"main.d" -o "main.o" "../main.cpp"
Finished building: ../main.cpp
 
Building target: myTest
Invoking: GCC C++ Linker
g++  -o "myTest"  ./main.o   
Finished building target: myTest
 
13:47:11 **** Incremental Build of configuration Debug for project myTest ****
make all 
Building file: ../main.cpp
Invoking: GCC C++ Compiler
g++ -O0 -g3 -Wall -c -fmessage-length=0 -MMD -MP -MF"main.d" -MT"main.d" -o "main.o" "../main.cpp"
Finished building: ../main.cpp
 
Building target: myTest
Invoking: GCC C++ Linker
g++  -o "myTest"  ./main.o   
Finished building target: myTest
 
13:49:09 **** Incremental Build of configuration Debug for project myTest ****
make all 
Building file: ../main.cpp
Invoking: GCC C++ Compiler
g++ -O0 -g3 -Wall -c -fmessage-length=0 -MMD -MP -MF"main.d" -MT"main.d" -o "main.o" "../main.cpp"
../main.cpp: In function ‘int main()’:
../main.cpp:55:40: warning: comparison between signed and unsigned integer expressions [-Wsign-compare]
Finished building: ../main.cpp
 
Building target: myTest
Invoking: GCC C++ Linker
g++  -o "myTest"  ./main.o   
Finished building target: myTest
 
13:49:24 **** Incremental Build of configuration Debug for project myTest ****
make all 
Building file: ../main.cpp
Invoking: GCC C++ Compiler
g++ -O0 -g3 -Wall -c -fmessage-length=0 -MMD -MP -MF"main.d" -MT"main.d" -o "main.o" "../main.cpp"
../main.cpp: In function ‘int main()’:
../main.cpp:55:40: warning: comparison between signed and unsigned integer expressions [-Wsign-compare]
Finished building: ../main.cpp
 
Building target: myTest
Invoking: GCC C++ Linker
g++  -o "myTest"  ./main.o   
Finished building target: myTest
 
13:49:44 **** Incremental Build of configuration Debug for project myTest ****
make all 
Building file: ../main.cpp
Invoking: GCC C++ Compiler
g++ -O0 -g3 -Wall -c -fmessage-length=0 -MMD -MP -MF"main.d" -MT"main.d" -o "main.o" "../main.cpp"
../main.cpp: In function ‘int main()’:
../main.cpp:55:40: warning: comparison between signed and unsigned integer expressions [-Wsign-compare]
Finished building: ../main.cpp
 
Building target: myTest
Invoking: GCC C++ Linker
g++  -o "myTest"  ./main.o   
Finished building target: myTest
 
13:49:58 **** Incremental Build of configuration Debug for project myTest ****
make all 
Building file: ../main.cpp
Invoking: GCC C++ Compiler
g++ -O0 -g3 -Wall -c -fmessage-length=0 -MMD -MP -MF"main.d" -MT"main.d" -o "main.o" "../main.cpp"
../main.cpp: In function ‘int main()’:
../main.cpp:55:40: warning: comparison between signed and unsigned integer expressions [-Wsign-compare]
Finished building: ../main.cpp
 
Building target: myTest
Invoking: GCC C++ Linker
g++  -o "myTest"  ./main.o   
Finished building target: myTest
 
13:52:46 **** Incremental Build of configuration Debug for project myTest ****
make all 
Building file: ../main.cpp
Invoking: GCC C++ Compiler
g++ -O0 -g3 -Wall -c -fmessage-length=0 -MMD -MP -MF"main.d" -MT"main.d" -o "main.o" "../main.cpp"
../main.cpp: In function ‘int main()’:
../main.cpp:55:40: warning: comparison between signed and unsigned integer expressions [-Wsign-compare]
Finished building: ../main.cpp
 
Building target: myTest
Invoking: GCC C++ Linker
g++  -o "myTest"  ./main.o   
Finished building target: myTest
 
14:47:19 **** Incremental Build of configuration Debug for project myTest ****
make all 
Building file: ../main.cpp
Invoking: GCC C++ Compiler
g++ -O0 -g3 -Wall -c -fmessage-length=0 -MMD -MP -MF"main.d" -MT"main.d" -o "main.o" "../main.cpp"
Finished building: ../main.cpp
 
Building target: myTest
Invoking: GCC C++ Linker
g++  -o "myTest"  ./main.o   
Finished building target: myTest
 
14:48:08 **** Incremental Build of configuration Debug for project myTest ****
make all 
Building file: ../main.cpp
Invoking: GCC C++ Compiler
g++ -O0 -g3 -Wall -c -fmessage-length=0 -MMD -MP -MF"main.d" -MT"main.d" -o "main.o" "../main.cpp"
../main.cpp: In function ‘int main()’:
../main.cpp:51:25: error: no matching function for call to ‘std::vector<double>::push_back(std::vector<double>&)’
../main.cpp:51:25: note: candidate is:
/usr/include/c++/4.6/bits/stl_vector.h:826:7: note: void std::vector<_Tp, _Alloc>::push_back(const value_type&) [with _Tp = double, _Alloc = std::allocator<double>, std::vector<_Tp, _Alloc>::value_type = double]
/usr/include/c++/4.6/bits/stl_vector.h:826:7: note:   no known conversion for argument 1 from ‘std::vector<double>’ to ‘const value_type& {aka const double&}’
make: *** [main.o] Error 1
17:26:54 **** Incremental Build of configuration Debug for project myTest ****
make all 
Building file: ../main.cpp
Invoking: GCC C++ Compiler
g++ -O0 -g3 -Wall -c -fmessage-length=0 -MMD -MP -MF"main.d" -MT"main.d" -o "main.o" "../main.cpp"
Finished building: ../main.cpp
 
Building target: myTest
Invoking: GCC C++ Linker
g++  -o "myTest"  ./main.o   
Finished building target: myTest
 
17:26:54 **** Incremental Build of configuration Default for project societies ****
make all 
g++  -MM main.cpp utils.cpp options.cpp resource.cpp properties.cpp device.cpp marketplace.cpp globals.cpp agent.cpp statstracker.cpp devmarketplace.cpp globals.h utils.h options.h resource.h properties.h device.h marketplace.h agent.h statstracker.h devmarketplace.h logging.h > '.dep'
make: Warning: File `.dep' has modification time 0.06 s in the future
make depend
make[1]: Warning: File `.dep' has modification time 0.058 s in the future
make[1]: Entering directory `/home/jj29/Documents/research/societies/src/cpp'
make[1]: warning:  Clock skew detected.  Your build may be incomplete.
make[1]: Nothing to be done for `depend'.
make[1]: Warning: File `.dep' has modification time 0.056 s in the future
make[1]: Leaving directory `/home/jj29/Documents/research/societies/src/cpp'
make societies
make[1]: Entering directory `/home/jj29/Documents/research/societies/src/cpp'
g++  -c -g -Wall -O3 main.cpp -o main.o
make[1]: *** [main.o] Terminated
make: *** [all] Terminated
Command canceled
12:42:12 **** Incremental Build of configuration Debug for project myTest ****
make all 
Building file: ../main.cpp
Invoking: GCC C++ Compiler
g++ -O0 -g3 -Wall -c -fmessage-length=0 -MMD -MP -MF"main.d" -MT"main.d" -o "main.o" "../main.cpp"
Finished building: ../main.cpp
 
Building target: myTest
Invoking: GCC C++ Linker
g++  -o "myTest"  ./main.o   
Finished building target: myTest
 
12:42:45 **** Incremental Build of configuration Debug for project myTest ****
make all 
Building file: ../main.cpp
Invoking: GCC C++ Compiler
g++ -O0 -g3 -Wall -c -fmessage-length=0 -MMD -MP -MF"main.d" -MT"main.d" -o "main.o" "../main.cpp"
Finished building: ../main.cpp
 
Building target: myTest
Invoking: GCC C++ Linker
g++  -o "myTest"  ./main.o   
Finished building target: myTest
 
13:10:53 **** Incremental Build of configuration Debug for project myTest ****
make all 
Building file: ../main.cpp
Invoking: GCC C++ Compiler
g++ -O0 -g3 -Wall -c -fmessage-length=0 -MMD -MP -MF"main.d" -MT"main.d" -o "main.o" "../main.cpp"
Finished building: ../main.cpp
 
Building target: myTest
Invoking: GCC C++ Linker
g++  -o "myTest"  ./main.o   
Finished building target: myTest
 
13:11:02 **** Incremental Build of configuration Debug for project myTest ****
make all 
make: Nothing to be done for `all'.
13:12:08 **** Incremental Build of configuration Debug for project myTest ****
make all 
Building file: ../main.cpp
Invoking: GCC C++ Compiler
g++ -O0 -g3 -Wall -c -fmessage-length=0 -MMD -MP -MF"main.d" -MT"main.d" -o "main.o" "../main.cpp"
Finished building: ../main.cpp
 
Building target: myTest
Invoking: GCC C++ Linker
g++  -o "myTest"  ./main.o   
Finished building target: myTest
 
13:12:18 **** Incremental Build of configuration Debug for project myTest ****
make all 
make: Nothing to be done for `all'.
13:12:37 **** Incremental Build of configuration Debug for project myTest ****
make all 
Building file: ../main.cpp
Invoking: GCC C++ Compiler
g++ -O0 -g3 -Wall -c -fmessage-length=0 -MMD -MP -MF"main.d" -MT"main.d" -o "main.o" "../main.cpp"
Finished building: ../main.cpp
 
Building target: myTest
Invoking: GCC C++ Linker
g++  -o "myTest"  ./main.o   
Finished building target: myTest
 
13:12:56 **** Incremental Build of configuration Debug for project myTest ****
make all 
Building file: ../main.cpp
Invoking: GCC C++ Compiler
g++ -O0 -g3 -Wall -c -fmessage-length=0 -MMD -MP -MF"main.d" -MT"main.d" -o "main.o" "../main.cpp"
Finished building: ../main.cpp
 
Building target: myTest
Invoking: GCC C++ Linker
g++  -o "myTest"  ./main.o   
Finished building target: myTest
 
13:12:58 **** Incremental Build of configuration Debug for project myTest ****
make all 
make: Nothing to be done for `all'.
13:13:11 **** Incremental Build of configuration Debug for project myTest ****
make all 
Building file: ../main.cpp
Invoking: GCC C++ Compiler
g++ -O0 -g3 -Wall -c -fmessage-length=0 -MMD -MP -MF"main.d" -MT"main.d" -o "main.o" "../main.cpp"
Finished building: ../main.cpp
 
Building target: myTest
Invoking: GCC C++ Linker
g++  -o "myTest"  ./main.o   
Finished building target: myTest
 
13:16:47 **** Incremental Build of configuration Debug for project myTest ****
make all 
Building file: ../main.cpp
Invoking: GCC C++ Compiler
g++ -O0 -g3 -Wall -c -fmessage-length=0 -MMD -MP -MF"main.d" -MT"main.d" -o "main.o" "../main.cpp"
../main.cpp: In function ‘int main()’:
../main.cpp:77:48: error: ‘goupNumbers’ was not declared in this scope
make: *** [main.o] Error 1
13:21:18 **** Incremental Build of configuration Debug for project myTest ****
make all 
Building file: ../main.cpp
Invoking: GCC C++ Compiler
g++ -O0 -g3 -Wall -c -fmessage-length=0 -MMD -MP -MF"main.d" -MT"main.d" -o "main.o" "../main.cpp"
Finished building: ../main.cpp
 
Building target: myTest
Invoking: GCC C++ Linker
g++  -o "myTest"  ./main.o   
Finished building target: myTest
 
13:21:41 **** Incremental Build of configuration Debug for project myTest ****
make all 
Building file: ../main.cpp
Invoking: GCC C++ Compiler
g++ -O0 -g3 -Wall -c -fmessage-length=0 -MMD -MP -MF"main.d" -MT"main.d" -o "main.o" "../main.cpp"
Finished building: ../main.cpp
 
Building target: myTest
Invoking: GCC C++ Linker
g++  -o "myTest"  ./main.o   
Finished building target: myTest
 
13:21:51 **** Incremental Build of configuration Debug for project myTest ****
make all 
Building file: ../main.cpp
Invoking: GCC C++ Compiler
g++ -O0 -g3 -Wall -c -fmessage-length=0 -MMD -MP -MF"main.d" -MT"main.d" -o "main.o" "../main.cpp"
Finished building: ../main.cpp
 
Building target: myTest
Invoking: GCC C++ Linker
g++  -o "myTest"  ./main.o   
Finished building target: myTest
 
13:22:16 **** Incremental Build of configuration Debug for project myTest ****
make all 
Building file: ../main.cpp
Invoking: GCC C++ Compiler
g++ -O0 -g3 -Wall -c -fmessage-length=0 -MMD -MP -MF"main.d" -MT"main.d" -o "main.o" "../main.cpp"
Finished building: ../main.cpp
 
Building target: myTest
Invoking: GCC C++ Linker
g++  -o "myTest"  ./main.o   
Finished building target: myTest
 
13:22:20 **** Incremental Build of configuration Debug for project myTest ****
make all 
make: Nothing to be done for `all'.
13:22:57 **** Incremental Build of configuration Debug for project myTest ****
make all 
Building file: ../main.cpp
Invoking: GCC C++ Compiler
g++ -O0 -g3 -Wall -c -fmessage-length=0 -MMD -MP -MF"main.d" -MT"main.d" -o "main.o" "../main.cpp"
Finished building: ../main.cpp
 
Building target: myTest
Invoking: GCC C++ Linker
g++  -o "myTest"  ./main.o   
Finished building target: myTest
 
13:23:08 **** Incremental Build of configuration Debug for project myTest ****
make all 
make: Nothing to be done for `all'.
13:24:08 **** Incremental Build of configuration Debug for project myTest ****
make all 
Building file: ../main.cpp
Invoking: GCC C++ Compiler
g++ -O0 -g3 -Wall -c -fmessage-length=0 -MMD -MP -MF"main.d" -MT"main.d" -o "main.o" "../main.cpp"
../main.cpp: In function ‘int main()’:
../main.cpp:76:7: error: ‘else’ without a previous ‘if’
make: *** [main.o] Error 1
13:24:49 **** Incremental Build of configuration Debug for project myTest ****
make all 
Building file: ../main.cpp
Invoking: GCC C++ Compiler
g++ -O0 -g3 -Wall -c -fmessage-length=0 -MMD -MP -MF"main.d" -MT"main.d" -o "main.o" "../main.cpp"
Finished building: ../main.cpp
 
Building target: myTest
Invoking: GCC C++ Linker
g++  -o "myTest"  ./main.o   
Finished building target: myTest
 
13:25:14 **** Incremental Build of configuration Debug for project myTest ****
make all 
Building file: ../main.cpp
Invoking: GCC C++ Compiler
g++ -O0 -g3 -Wall -c -fmessage-length=0 -MMD -MP -MF"main.d" -MT"main.d" -o "main.o" "../main.cpp"
Finished building: ../main.cpp
 
Building target: myTest
Invoking: GCC C++ Linker
g++  -o "myTest"  ./main.o   
Finished building target: myTest
 
13:25:26 **** Incremental Build of configuration Debug for project myTest ****
make all 
Building file: ../main.cpp
Invoking: GCC C++ Compiler
g++ -O0 -g3 -Wall -c -fmessage-length=0 -MMD -MP -MF"main.d" -MT"main.d" -o "main.o" "../main.cpp"
Finished building: ../main.cpp
 
Building target: myTest
Invoking: GCC C++ Linker
g++  -o "myTest"  ./main.o   
Finished building target: myTest
 
13:25:42 **** Incremental Build of configuration Debug for project myTest ****
make all 
Building file: ../main.cpp
Invoking: GCC C++ Compiler
g++ -O0 -g3 -Wall -c -fmessage-length=0 -MMD -MP -MF"main.d" -MT"main.d" -o "main.o" "../main.cpp"
Finished building: ../main.cpp
 
Building target: myTest
Invoking: GCC C++ Linker
g++  -o "myTest"  ./main.o   
Finished building target: myTest
 
13:25:45 **** Incremental Build of configuration Debug for project myTest ****
make all 
make: Nothing to be done for `all'.
13:27:19 **** Incremental Build of configuration Debug for project myTest ****
make all 
Building file: ../main.cpp
Invoking: GCC C++ Compiler
g++ -O0 -g3 -Wall -c -fmessage-length=0 -MMD -MP -MF"main.d" -MT"main.d" -o "main.o" "../main.cpp"
Finished building: ../main.cpp
 
Building target: myTest
Invoking: GCC C++ Linker
g++  -o "myTest"  ./main.o   
Finished building target: myTest
 
13:28:13 **** Incremental Build of configuration Debug for project myTest ****
make all 
Building file: ../main.cpp
Invoking: GCC C++ Compiler
g++ -O0 -g3 -Wall -c -fmessage-length=0 -MMD -MP -MF"main.d" -MT"main.d" -o "main.o" "../main.cpp"
Finished building: ../main.cpp
 
Building target: myTest
Invoking: GCC C++ Linker
g++  -o "myTest"  ./main.o   
Finished building target: myTest
 
13:28:39 **** Incremental Build of configuration Debug for project myTest ****
make all 
make: Nothing to be done for `all'.
13:29:57 **** Incremental Build of configuration Debug for project myTest ****
make all 
Building file: ../main.cpp
Invoking: GCC C++ Compiler
g++ -O0 -g3 -Wall -c -fmessage-length=0 -MMD -MP -MF"main.d" -MT"main.d" -o "main.o" "../main.cpp"
Finished building: ../main.cpp
 
Building target: myTest
Invoking: GCC C++ Linker
g++  -o "myTest"  ./main.o   
Finished building target: myTest
 
13:32:18 **** Incremental Build of configuration Debug for project myTest ****
make all 
Building file: ../main.cpp
Invoking: GCC C++ Compiler
g++ -O0 -g3 -Wall -c -fmessage-length=0 -MMD -MP -MF"main.d" -MT"main.d" -o "main.o" "../main.cpp"
Finished building: ../main.cpp
 
Building target: myTest
Invoking: GCC C++ Linker
g++  -o "myTest"  ./main.o   
Finished building target: myTest
 
13:32:23 **** Incremental Build of configuration Debug for project myTest ****
make all 
make: Nothing to be done for `all'.
13:32:41 **** Incremental Build of configuration Debug for project myTest ****
make all 
Building file: ../main.cpp
Invoking: GCC C++ Compiler
g++ -O0 -g3 -Wall -c -fmessage-length=0 -MMD -MP -MF"main.d" -MT"main.d" -o "main.o" "../main.cpp"
Finished building: ../main.cpp
 
Building target: myTest
Invoking: GCC C++ Linker
g++  -o "myTest"  ./main.o   
Finished building target: myTest
 
13:37:18 **** Incremental Build of configuration Debug for project myTest ****
make all 
make: Nothing to be done for `all'.
13:39:48 **** Incremental Build of configuration Debug for project myTest ****
make all 
Building file: ../main.cpp
Invoking: GCC C++ Compiler
g++ -O0 -g3 -Wall -c -fmessage-length=0 -MMD -MP -MF"main.d" -MT"main.d" -o "main.o" "../main.cpp"
Finished building: ../main.cpp
 
Building target: myTest
Invoking: GCC C++ Linker
g++  -o "myTest"  ./main.o   
Finished building target: myTest
 
13:40:00 **** Incremental Build of configuration Debug for project myTest ****
make all 
Building file: ../main.cpp
Invoking: GCC C++ Compiler
g++ -O0 -g3 -Wall -c -fmessage-length=0 -MMD -MP -MF"main.d" -MT"main.d" -o "main.o" "../main.cpp"
Finished building: ../main.cpp
 
Building target: myTest
Invoking: GCC C++ Linker
g++  -o "myTest"  ./main.o   
Finished building target: myTest
 
16:47:02 **** Incremental Build of configuration Debug for project myTest ****
make all 
Building file: ../main.cpp
Invoking: GCC C++ Compiler
g++ -O0 -g3 -Wall -c -fmessage-length=0 -MMD -MP -MF"main.d" -MT"main.d" -o "main.o" "../main.cpp"
Finished building: ../main.cpp
 
Building target: myTest
Invoking: GCC C++ Linker
g++  -o "myTest"  ./main.o   
Finished building target: myTest
 
16:47:41 **** Incremental Build of configuration Debug for project myTest ****
make all 
Building file: ../main.cpp
Invoking: GCC C++ Compiler
g++ -O0 -g3 -Wall -c -fmessage-length=0 -MMD -MP -MF"main.d" -MT"main.d" -o "main.o" "../main.cpp"
Finished building: ../main.cpp
 
Building target: myTest
Invoking: GCC C++ Linker
g++  -o "myTest"  ./main.o   
Finished building target: myTest
 
